<?xml version="1.0" encoding="UTF-8"?>
<testng-results ignored="0" total="1" passed="1" failed="0" skipped="0">
  <reporter-output>
  </reporter-output>
  <suite started-at="2021-10-04T08:43:50Z" name="Default suite" finished-at="2021-10-04T08:43:53Z" duration-ms="2861">
    <groups>
    </groups>
    <test started-at="2021-10-04T08:43:50Z" name="Default test" finished-at="2021-10-04T08:43:53Z" duration-ms="2861">
      <class name="testcases.PFlogin">
        <test-method signature="checkout()[pri:0, instance:testcases.PFlogin@45a4b042]" started-at="2021-10-04T08:43:50Z" name="checkout" finished-at="2021-10-04T08:43:53Z" duration-ms="2849" status="PASS">
          <reporter-output>
          </reporter-output>
        </test-method> <!-- checkout -->
      </class> <!-- testcases.PFlogin -->
    </test> <!-- Default test -->
  </suite> <!-- Default suite -->
</testng-results>
